<?xml version="1.0" encoding="UTF-8"?>
<coverage generated="1732986924078" clover="3.2.0">
  <project timestamp="1732986924078" name="All files">
    <metrics statements="17" coveredstatements="17" conditionals="2" coveredconditionals="2" methods="2" coveredmethods="2" elements="21" coveredelements="21" complexity="0" loc="17" ncloc="17" packages="2" files="2" classes="2"/>
    <package name="2023.day01">
      <metrics statements="8" coveredstatements="8" conditionals="1" coveredconditionals="1" methods="1" coveredmethods="1"/>
      <file name="day01.ts" path="/Users/mpancaldi/Workspace/Advent-of-Code/2024/src/2023/day01/day01.ts">
        <metrics statements="8" coveredstatements="8" conditionals="1" coveredconditionals="1" methods="1" coveredmethods="1"/>
        <line num="1" count="1" type="stmt"/>
        <line num="2" count="1" type="stmt"/>
        <line num="3" count="1" type="stmt"/>
        <line num="4" count="1" type="cond" truecount="1" falsecount="0"/>
        <line num="5" count="1" type="stmt"/>
        <line num="6" count="1" type="stmt"/>
        <line num="7" count="1" type="stmt"/>
        <line num="8" count="1" type="stmt"/>
      </file>
    </package>
    <package name="utils">
      <metrics statements="9" coveredstatements="9" conditionals="1" coveredconditionals="1" methods="1" coveredmethods="1"/>
      <file name="io.ts" path="/Users/mpancaldi/Workspace/Advent-of-Code/2024/src/utils/io.ts">
        <metrics statements="9" coveredstatements="9" conditionals="1" coveredconditionals="1" methods="1" coveredmethods="1"/>
        <line num="1" count="1" type="stmt"/>
        <line num="2" count="1" type="stmt"/>
        <line num="3" count="1" type="cond" truecount="1" falsecount="0"/>
        <line num="4" count="1" type="stmt"/>
        <line num="5" count="1" type="stmt"/>
        <line num="6" count="1" type="stmt"/>
        <line num="7" count="1" type="stmt"/>
        <line num="8" count="1" type="stmt"/>
        <line num="9" count="1" type="stmt"/>
      </file>
    </package>
  </project>
</coverage>
